Nuke 13.0v4, 64 bit, built Jul 23 2021.
Copyright (c) 2021 The Foundry Visionmongers Ltd.  All Rights Reserved.
Writing C:/Users/rames/Desktop/Render/Render.0001.jpg took 0.22 seconds
Frame 1 (1 of 42)


Writing C:/Users/rames/Desktop/Render/Render.0002.jpg took 0.22 seconds
Frame 2 (2 of 42)

.2
Writing C:/Users/rames/Desktop/Render/Render.0003.jpg took 0.24 seconds
Frame 3 (3 of 42)


Writing C:/Users/rames/Desktop/Render/Render.0004.jpg took 0.23 seconds
Frame 4 (4 of 42)

.3
Writing C:/Users/rames/Desktop/Render/Render.0005.jpg took 0.23 seconds
Frame 5 (5 of 42)


Writing C:/Users/rames/Desktop/Render/Render.0006.jpg took 0.22 seconds
Frame 6 (6 of 42)

.5
Writing C:/Users/rames/Desktop/Render/Render.0007.jpg took 0.22 seconds
Frame 7 (7 of 42)


Writing C:/Users/rames/Desktop/Render/Render.0008.jpg took 0.23 seconds
Frame 8 (8 of 42)

.8
Writing C:/Users/rames/Desktop/Render/Render.0009.jpg took 0.21 seconds
Frame 9 (9 of 42)


Writing C:/Users/rames/Desktop/Render/Render.0010.jpg took 0.21 seconds
Frame 10 (10 of 42)


Writing C:/Users/rames/Desktop/Render/Render.0011.jpg took 0.21 seconds
Frame 11 (11 of 42)

.1
Writing C:/Users/rames/Desktop/Render/Render.0012.jpg took 0.20 seconds
Frame 12 (12 of 42)


Writing C:/Users/rames/Desktop/Render/Render.0013.jpg took 0.21 seconds
Frame 13 (13 of 42)

.5
Writing C:/Users/rames/Desktop/Render/Render.0014.jpg took 0.21 seconds
Frame 14 (14 of 42)


Writing C:/Users/rames/Desktop/Render/Render.0015.jpg took 0.20 seconds
Frame 15 (15 of 42)

.9
Writing C:/Users/rames/Desktop/Render/Render.0016.jpg took 0.21 seconds
Frame 16 (16 of 42)


Writing C:/Users/rames/Desktop/Render/Render.0017.jpg took 0.21 seconds
Frame 17 (17 of 42)


Writing C:/Users/rames/Desktop/Render/Render.0018.jpg took 0.21 seconds
Frame 18 (18 of 42)

.2
Writing C:/Users/rames/Desktop/Render/Render.0019.jpg took 0.23 seconds
Frame 19 (19 of 42)


Writing C:/Users/rames/Desktop/Render/Render.0020.jpg took 0.22 seconds
Frame 20 (20 of 42)

.4
Writing C:/Users/rames/Desktop/Render/Render.0021.jpg took 0.23 seconds
Frame 21 (21 of 42)


Writing C:/Users/rames/Desktop/Render/Render.0022.jpg took 0.21 seconds
Frame 22 (22 of 42)

.7
Writing C:/Users/rames/Desktop/Render/Render.0023.jpg took 0.20 seconds
Frame 23 (23 of 42)


Writing C:/Users/rames/Desktop/Render/Render.0024.jpg took 0.23 seconds
Frame 24 (24 of 42)


Writing C:/Users/rames/Desktop/Render/Render.0025.jpg took 0.21 seconds
Frame 25 (25 of 42)


Writing C:/Users/rames/Desktop/Render/Render.0026.jpg took 0.22 seconds
Frame 26 (26 of 42)


Writing C:/Users/rames/Desktop/Render/Render.0027.jpg took 0.21 seconds
Frame 27 (27 of 42)

.3
Writing C:/Users/rames/Desktop/Render/Render.0028.jpg took 0.21 seconds
Frame 28 (28 of 42)


Writing C:/Users/rames/Desktop/Render/Render.0029.jpg took 0.21 seconds
Frame 29 (29 of 42)

.6
Writing C:/Users/rames/Desktop/Render/Render.0030.jpg took 0.21 seconds
Frame 30 (30 of 42)


Writing C:/Users/rames/Desktop/Render/Render.0031.jpg took 0.21 seconds
Frame 31 (31 of 42)


Writing C:/Users/rames/Desktop/Render/Render.0032.jpg took 0.20 seconds
Frame 32 (32 of 42)


Writing C:/Users/rames/Desktop/Render/Render.0033.jpg took 0.22 seconds
Frame 33 (33 of 42)


Writing C:/Users/rames/Desktop/Render/Render.0034.jpg took 0.21 seconds
Frame 34 (34 of 42)

.3
Writing C:/Users/rames/Desktop/Render/Render.0035.jpg took 0.24 seconds
Frame 35 (35 of 42)


Writing C:/Users/rames/Desktop/Render/Render.0036.jpg took 0.21 seconds
Frame 36 (36 of 42)

.5
Writing C:/Users/rames/Desktop/Render/Render.0037.jpg took 0.21 seconds
Frame 37 (37 of 42)


Writing C:/Users/rames/Desktop/Render/Render.0038.jpg took 0.23 seconds
Frame 38 (38 of 42)

.7
Writing C:/Users/rames/Desktop/Render/Render.0039.jpg took 0.21 seconds
Frame 39 (39 of 42)


Writing C:/Users/rames/Desktop/Render/Render.0040.jpg took 0.23 seconds
Frame 40 (40 of 42)


Writing C:/Users/rames/Desktop/Render/Render.0041.jpg took 0.21 seconds
Frame 41 (41 of 42)


Writing C:/Users/rames/Desktop/Render/Render.0042.jpg took 0.21 seconds
Frame 42 (42 of 42)

Total render time: 9.19 seconds
.9